TN:
SF:/Users/Christophe/Workspace/camp2_exercises/06_react_redux/01_es6_fundamentals/01_aquarium/01_aquarium.js
FN:4,(anonymous_0)
FN:9,(anonymous_1)
FN:13,(anonymous_2)
FN:17,(anonymous_3)
FN:27,(anonymous_4)
FN:43,(anonymous_5)
FN:46,(anonymous_6)
FN:50,(anonymous_7)
FN:56,(anonymous_8)
FN:62,(anonymous_9)
FN:70,(anonymous_10)
FN:77,(anonymous_11)
FN:81,(anonymous_12)
FN:91,(anonymous_13)
FN:95,(anonymous_14)
FNF:15
FNH:15
FNDA:4,(anonymous_0)
FNDA:1,(anonymous_1)
FNDA:1,(anonymous_2)
FNDA:1,(anonymous_3)
FNDA:1,(anonymous_4)
FNDA:1,(anonymous_5)
FNDA:2,(anonymous_6)
FNDA:2,(anonymous_7)
FNDA:1,(anonymous_8)
FNDA:1,(anonymous_9)
FNDA:5,(anonymous_10)
FNDA:6,(anonymous_11)
FNDA:2,(anonymous_12)
FNDA:3,(anonymous_13)
FNDA:1,(anonymous_14)
DA:1,1
DA:5,4
DA:6,4
DA:10,1
DA:14,1
DA:18,1
DA:19,1
DA:20,1
DA:21,1
DA:23,0
DA:28,1
DA:30,0
DA:32,1
DA:33,1
DA:34,1
DA:37,0
DA:39,1
DA:44,1
DA:45,1
DA:46,1
DA:47,2
DA:50,1
DA:51,2
DA:54,1
DA:55,1
DA:56,1
DA:57,1
DA:63,1
DA:64,1
DA:71,5
DA:72,5
DA:73,5
DA:74,5
DA:78,6
DA:82,2
DA:83,1
DA:85,1
DA:92,3
DA:96,1
DA:100,1
LF:40
LH:37
BRDA:18,0,0,1
BRDA:18,0,1,0
BRDA:28,1,0,0
BRDA:28,1,1,1
BRDA:33,2,0,1
BRDA:33,2,1,0
BRDA:78,3,0,3
BRDA:78,3,1,3
BRDA:82,4,0,1
BRDA:82,4,1,1
BRF:10
BRH:7
end_of_record
